<?xml version="1.0" encoding="UTF-8"?>
<!-- Generated by org.testng.reporters.JUnitReportReporter -->
<testsuite skipped="0" hostname="DESKTOP-NQL17BT" name="com.training.sanity.tests.Assignment2aTest" tests="2" failures="0" timestamp="01 Dec 2019 12:38:07 GMT" time="157.912" errors="0">
  <testcase name="Scenario3" time="80.957" classname="com.training.sanity.tests.Assignment2aTest"/>
  <testcase name="Scenario1" time="76.955" classname="com.training.sanity.tests.Assignment2aTest"/>
</testsuite> <!-- com.training.sanity.tests.Assignment2aTest -->
