<?xml version="1.0" encoding="UTF-8"?>
<!-- Generated by org.testng.reporters.JUnitReportReporter -->
<testsuite skipped="0" hostname="DESKTOP-NQL17BT" name="com.training.sanity.tests.Assignment2bTest" tests="1" failures="0" timestamp="01 Dec 2019 12:38:07 GMT" time="55.282" errors="0">
  <testcase name="Scenario2" time="55.282" classname="com.training.sanity.tests.Assignment2bTest"/>
</testsuite> <!-- com.training.sanity.tests.Assignment2bTest -->
